[vagrant@localhost chapitre10]$ ./run.sh
Sending build context to Docker daemon  3.584kB
Step 1/4 : FROM openjdk:8-alpine
 ---> a3562aa0b991
Step 2/4 : VOLUME /opt/build
 ---> Running in c9086c75fd38
Removing intermediate container c9086c75fd38
 ---> 2dbe374f4a28
Step 3/4 : RUN adduser -D -u 1000 jenkins
 ---> Running in b6e06d4824b8
Removing intermediate container b6e06d4824b8
 ---> b27a3c6951b5
Step 4/4 : ENTRYPOINT cd /opt/build/jobs/${BUILD_ID}                 && mkdir -p output                 && cd ${PROJECT_NAME}                 && chmod u+x gradlew                 && ./gradlew clean build                 && cp build/libs/*SNAPSHOT.jar /opt/build/jobs/${BUILD_ID}/output/                 && chown -R jenkins:jenkins /opt/build/jobs/${BUILD_ID}
 ---> Running in 45c4d83f11e9
Removing intermediate container 45c4d83f11e9
 ---> 9cbddaff7c2b
Successfully built 9cbddaff7c2b
Successfully tagged appex-build-java:latest
Sending build context to Docker daemon  1.486kB
Step 1/10 : FROM jenkins/jenkins:2.328
2.328: Pulling from jenkins/jenkins
6aefca2dc61d: Pull complete
d11f9c642929: Pull complete
26d61ad53fa8: Pull complete
a19b8b304e48: Pull complete
c2f9ecaeac4a: Pull complete
f6a9a988d1bd: Pull complete
bf2d8acc772b: Pull complete
24f59b0fd284: Pull complete
01b6afca9597: Pull complete
6ec5cce1e9d6: Pull complete
d554b3fbf68a: Pull complete
e441c97ff37e: Pull complete
051ec9c4481e: Pull complete
93cfbb2dd108: Pull complete
add1016b7b4e: Pull complete
c6ec986945a7: Pull complete
de4947ca5637: Pull complete
Digest: sha256:cb27c97492c9bcf297b927a051d74d0ad869ea8ddaa6b83063853b3ad6ad1cf0
Status: Downloaded newer image for jenkins/jenkins:2.328
 ---> 35eca7aa98cd
Step 2/10 : USER root
 ---> Running in e47d6009ab1a
Removing intermediate container e47d6009ab1a
 ---> 43f89fbe1a69
Step 3/10 : RUN apt-get update &&     apt-get -y install apt-transport-https     ca-certificates     curl     gnupg2     software-properties-common &&     curl -fsSL https://download.docker.com/linux/$(. /etc/os-release; echo "$ID")/gpg > /tmp/dkey; apt-key add /tmp/dkey &&     add-apt-repository     "deb [arch=amd64] https://download.docker.com/linux/$(. /etc/os-release; echo "$ID")     $(lsb_release -cs)     stable" &&     apt-get update &&     apt-get -y install docker-ce
 ---> Running in f4f62647ff6a
Get:1 http://security.debian.org/debian-security bullseye-security InRelease [44.1 kB]
Get:2 http://deb.debian.org/debian bullseye InRelease [116 kB]
Get:3 http://deb.debian.org/debian bullseye-updates InRelease [39.4 kB]
Get:4 http://security.debian.org/debian-security bullseye-security/main amd64 Packages [146 kB]
Get:5 http://deb.debian.org/debian bullseye/main amd64 Packages [8182 kB]
Get:6 http://deb.debian.org/debian bullseye-updates/main amd64 Packages [2596 B]
Fetched 8530 kB in 2s (4406 kB/s)
Reading package lists...
Reading package lists...
Building dependency tree...
Reading state information...
ca-certificates is already the newest version (20210119).
ca-certificates set to manually installed.
curl is already the newest version (7.74.0-1.3+deb11u1).
The following additional packages will be installed:
  dbus distro-info-data dmsetup gir1.2-glib-2.0 gir1.2-packagekitglib-1.0
  iso-codes libapparmor1 libappstream4 libargon2-1 libcap2 libcap2-bin
  libcryptsetup12 libdbus-1-3 libdevmapper1.02.1 libdw1 libelf1
  libgirepository-1.0-1 libglib2.0-0 libglib2.0-bin libglib2.0-data
  libgstreamer1.0-0 libicu67 libip4tc2 libjson-c5 libkmod2 liblmdb0 libmpdec3
  libnss-systemd libpackagekit-glib2-18 libpam-cap libpam-systemd
  libpolkit-agent-1-0 libpolkit-gobject-1-0 libpython3-stdlib
  libpython3.9-minimal libpython3.9-stdlib libstemmer0d libunwind8 libxml2
  libyaml-0-2 lsb-release media-types packagekit packagekit-tools policykit-1
  python-apt-common python3 python3-apt python3-dbus python3-distro-info
  python3-gi python3-minimal python3-pycurl python3-software-properties
  python3.9 python3.9-minimal shared-mime-info systemd systemd-sysv
  systemd-timesyncd unattended-upgrades xdg-user-dirs xz-utils
Suggested packages:
  default-dbus-session-bus | dbus-session-bus isoquery gstreamer1.0-tools
  appstream python3-doc python3-tk python3-venv python3-apt-dbg python-apt-doc
  python-dbus-doc python3-dbus-dbg libcurl4-gnutls-dev python-pycurl-doc
  python3-pycurl-dbg python3.9-venv python3.9-doc binutils binfmt-support
  systemd-container bsd-mailx default-mta | mail-transport-agent needrestart
  powermgmt-base
The following NEW packages will be installed:
  apt-transport-https dbus distro-info-data dmsetup gir1.2-glib-2.0
  gir1.2-packagekitglib-1.0 gnupg2 iso-codes libapparmor1 libappstream4
  libargon2-1 libcap2 libcap2-bin libcryptsetup12 libdbus-1-3
  libdevmapper1.02.1 libdw1 libelf1 libgirepository-1.0-1 libglib2.0-0
  libglib2.0-bin libglib2.0-data libgstreamer1.0-0 libicu67 libip4tc2
  libjson-c5 libkmod2 liblmdb0 libmpdec3 libnss-systemd libpackagekit-glib2-18
  libpam-cap libpam-systemd libpolkit-agent-1-0 libpolkit-gobject-1-0
  libpython3-stdlib libpython3.9-minimal libpython3.9-stdlib libstemmer0d
  libunwind8 libxml2 libyaml-0-2 lsb-release media-types packagekit
  packagekit-tools policykit-1 python-apt-common python3 python3-apt
  python3-dbus python3-distro-info python3-gi python3-minimal python3-pycurl
  python3-software-properties python3.9 python3.9-minimal shared-mime-info
  software-properties-common systemd systemd-sysv systemd-timesyncd
  unattended-upgrades xdg-user-dirs xz-utils
0 upgraded, 66 newly installed, 0 to remove and 2 not upgraded.
Need to get 33.2 MB of archives.
After this operation, 135 MB of additional disk space will be used.
Get:1 http://security.debian.org/debian-security bullseye-security/main amd64 xz-utils amd64 5.2.5-2.1~deb11u1 [220 kB]
Get:2 http://deb.debian.org/debian bullseye/main amd64 libapparmor1 amd64 2.13.6-10 [99.3 kB]
Get:3 http://deb.debian.org/debian bullseye/main amd64 libcap2 amd64 1:2.44-1 [23.6 kB]
Get:4 http://deb.debian.org/debian bullseye/main amd64 libargon2-1 amd64 0~20171227-0.2 [19.6 kB]
Get:5 http://deb.debian.org/debian bullseye/main amd64 dmsetup amd64 2:1.02.175-2.1 [92.1 kB]
Get:6 http://deb.debian.org/debian bullseye/main amd64 libdevmapper1.02.1 amd64 2:1.02.175-2.1 [143 kB]
Get:7 http://deb.debian.org/debian bullseye/main amd64 libjson-c5 amd64 0.15-2 [42.8 kB]
Get:8 http://deb.debian.org/debian bullseye/main amd64 libcryptsetup12 amd64 2:2.3.7-1+deb11u1 [248 kB]
Get:9 http://deb.debian.org/debian bullseye/main amd64 libip4tc2 amd64 1.8.7-1 [34.6 kB]
Get:10 http://deb.debian.org/debian bullseye/main amd64 libkmod2 amd64 28-1 [55.6 kB]
Get:11 http://deb.debian.org/debian bullseye/main amd64 systemd amd64 247.3-7 [4500 kB]
Get:12 http://deb.debian.org/debian bullseye/main amd64 systemd-sysv amd64 247.3-7 [113 kB]
Get:13 http://deb.debian.org/debian bullseye/main amd64 libdbus-1-3 amd64 1.12.20-2 [219 kB]
Get:14 http://deb.debian.org/debian bullseye/main amd64 dbus amd64 1.12.20-2 [239 kB]
Get:15 http://deb.debian.org/debian bullseye/main amd64 libpython3.9-minimal amd64 3.9.2-1 [801 kB]
Get:16 http://deb.debian.org/debian bullseye/main amd64 python3.9-minimal amd64 3.9.2-1 [1955 kB]
Get:17 http://deb.debian.org/debian bullseye/main amd64 python3-minimal amd64 3.9.2-3 [38.2 kB]
Get:18 http://deb.debian.org/debian bullseye/main amd64 media-types all 4.0.0 [30.3 kB]
Get:19 http://deb.debian.org/debian bullseye/main amd64 libmpdec3 amd64 2.5.1-1 [87.7 kB]
Get:20 http://deb.debian.org/debian bullseye/main amd64 libpython3.9-stdlib amd64 3.9.2-1 [1684 kB]
Get:21 http://deb.debian.org/debian bullseye/main amd64 python3.9 amd64 3.9.2-1 [466 kB]
Get:22 http://deb.debian.org/debian bullseye/main amd64 libpython3-stdlib amd64 3.9.2-3 [21.4 kB]
Get:23 http://deb.debian.org/debian bullseye/main amd64 python3 amd64 3.9.2-3 [37.9 kB]
Get:24 http://deb.debian.org/debian bullseye/main amd64 libnss-systemd amd64 247.3-7 [198 kB]
Get:25 http://deb.debian.org/debian bullseye/main amd64 libpam-systemd amd64 247.3-7 [283 kB]
Get:26 http://deb.debian.org/debian bullseye/main amd64 systemd-timesyncd amd64 247.3-7 [131 kB]
Get:27 http://deb.debian.org/debian bullseye/main amd64 apt-transport-https all 2.2.4 [160 kB]
Get:28 http://deb.debian.org/debian bullseye/main amd64 distro-info-data all 0.51+deb11u1 [7624 B]
Get:29 http://deb.debian.org/debian bullseye/main amd64 libglib2.0-0 amd64 2.66.8-1 [1370 kB]
Get:30 http://deb.debian.org/debian bullseye/main amd64 libgirepository-1.0-1 amd64 1.66.1-1+b1 [96.7 kB]
Get:31 http://deb.debian.org/debian bullseye/main amd64 gir1.2-glib-2.0 amd64 1.66.1-1+b1 [151 kB]
Get:32 http://deb.debian.org/debian bullseye/main amd64 libpackagekit-glib2-18 amd64 1.2.2-2 [124 kB]
Get:33 http://deb.debian.org/debian bullseye/main amd64 gir1.2-packagekitglib-1.0 amd64 1.2.2-2 [36.8 kB]
Get:34 http://deb.debian.org/debian bullseye/main amd64 gnupg2 all 2.2.27-2+deb11u1 [434 kB]
Get:35 http://deb.debian.org/debian bullseye/main amd64 iso-codes all 4.6.0-1 [2824 kB]
Get:36 http://deb.debian.org/debian bullseye/main amd64 liblmdb0 amd64 0.9.24-1 [45.0 kB]
Get:37 http://deb.debian.org/debian bullseye/main amd64 libstemmer0d amd64 2.1.0-1 [119 kB]
Get:38 http://deb.debian.org/debian bullseye/main amd64 libicu67 amd64 67.1-7 [8622 kB]
Get:39 http://deb.debian.org/debian bullseye/main amd64 libxml2 amd64 2.9.10+dfsg-6.7+deb11u1 [693 kB]
Get:40 http://deb.debian.org/debian bullseye/main amd64 libyaml-0-2 amd64 0.2.2-1 [49.6 kB]
Get:41 http://deb.debian.org/debian bullseye/main amd64 libappstream4 amd64 0.14.4-1 [172 kB]
Get:42 http://deb.debian.org/debian bullseye/main amd64 libcap2-bin amd64 1:2.44-1 [32.6 kB]
Get:43 http://deb.debian.org/debian bullseye/main amd64 libelf1 amd64 0.183-1 [165 kB]
Get:44 http://deb.debian.org/debian bullseye/main amd64 libdw1 amd64 0.183-1 [234 kB]
Get:45 http://deb.debian.org/debian bullseye/main amd64 libglib2.0-data all 2.66.8-1 [1164 kB]
Get:46 http://deb.debian.org/debian bullseye/main amd64 libglib2.0-bin amd64 2.66.8-1 [141 kB]
Get:47 http://deb.debian.org/debian bullseye/main amd64 libunwind8 amd64 1.3.2-2 [54.5 kB]
Get:48 http://deb.debian.org/debian bullseye/main amd64 libgstreamer1.0-0 amd64 1.18.4-2.1 [2230 kB]
Get:49 http://deb.debian.org/debian bullseye/main amd64 libpam-cap amd64 1:2.44-1 [15.4 kB]
Get:50 http://deb.debian.org/debian bullseye/main amd64 libpolkit-gobject-1-0 amd64 0.105-31+deb11u1 [48.5 kB]
Get:51 http://deb.debian.org/debian bullseye/main amd64 libpolkit-agent-1-0 amd64 0.105-31+deb11u1 [28.1 kB]
Get:52 http://deb.debian.org/debian bullseye/main amd64 lsb-release all 11.1.0 [27.9 kB]
Get:53 http://deb.debian.org/debian bullseye/main amd64 policykit-1 amd64 0.105-31+deb11u1 [96.7 kB]
Get:54 http://deb.debian.org/debian bullseye/main amd64 packagekit amd64 1.2.2-2 [598 kB]
Get:55 http://deb.debian.org/debian bullseye/main amd64 packagekit-tools amd64 1.2.2-2 [41.7 kB]
Get:56 http://deb.debian.org/debian bullseye/main amd64 python-apt-common all 2.2.1 [96.5 kB]
Get:57 http://deb.debian.org/debian bullseye/main amd64 python3-apt amd64 2.2.1 [190 kB]
Get:58 http://deb.debian.org/debian bullseye/main amd64 python3-dbus amd64 1.2.16-5 [108 kB]
Get:59 http://deb.debian.org/debian bullseye/main amd64 python3-distro-info all 1.0 [8720 B]
Get:60 http://deb.debian.org/debian bullseye/main amd64 python3-gi amd64 3.38.0-2 [232 kB]
Get:61 http://deb.debian.org/debian bullseye/main amd64 python3-pycurl amd64 7.43.0.6-5 [68.8 kB]
Get:62 http://deb.debian.org/debian bullseye/main amd64 python3-software-properties all 0.96.20.2-2.1 [49.7 kB]
Get:63 http://deb.debian.org/debian bullseye/main amd64 shared-mime-info amd64 2.0-1 [701 kB]
Get:64 http://deb.debian.org/debian bullseye/main amd64 software-properties-common all 0.96.20.2-2.1 [83.4 kB]
Get:65 http://deb.debian.org/debian bullseye/main amd64 unattended-upgrades all 2.8 [88.6 kB]
Get:66 http://deb.debian.org/debian bullseye/main amd64 xdg-user-dirs amd64 0.17-2 [53.8 kB]
debconf: delaying package configuration, since apt-utils is not installed
Fetched 33.2 MB in 2s (14.2 MB/s)
Selecting previously unselected package libapparmor1:amd64.
(Reading database ... 11023 files and directories currently installed.)
Preparing to unpack .../0-libapparmor1_2.13.6-10_amd64.deb ...
Unpacking libapparmor1:amd64 (2.13.6-10) ...
Selecting previously unselected package libcap2:amd64.
Preparing to unpack .../1-libcap2_1%3a2.44-1_amd64.deb ...
Unpacking libcap2:amd64 (1:2.44-1) ...
Selecting previously unselected package libargon2-1:amd64.
Preparing to unpack .../2-libargon2-1_0~20171227-0.2_amd64.deb ...
Unpacking libargon2-1:amd64 (0~20171227-0.2) ...
Selecting previously unselected package dmsetup.
Preparing to unpack .../3-dmsetup_2%3a1.02.175-2.1_amd64.deb ...
Unpacking dmsetup (2:1.02.175-2.1) ...
Selecting previously unselected package libdevmapper1.02.1:amd64.
Preparing to unpack .../4-libdevmapper1.02.1_2%3a1.02.175-2.1_amd64.deb ...
Unpacking libdevmapper1.02.1:amd64 (2:1.02.175-2.1) ...
Selecting previously unselected package libjson-c5:amd64.
Preparing to unpack .../5-libjson-c5_0.15-2_amd64.deb ...
Unpacking libjson-c5:amd64 (0.15-2) ...
Selecting previously unselected package libcryptsetup12:amd64.
Preparing to unpack .../6-libcryptsetup12_2%3a2.3.7-1+deb11u1_amd64.deb ...
Unpacking libcryptsetup12:amd64 (2:2.3.7-1+deb11u1) ...
Selecting previously unselected package libip4tc2:amd64.
Preparing to unpack .../7-libip4tc2_1.8.7-1_amd64.deb ...
Unpacking libip4tc2:amd64 (1.8.7-1) ...
Selecting previously unselected package libkmod2:amd64.
Preparing to unpack .../8-libkmod2_28-1_amd64.deb ...
Unpacking libkmod2:amd64 (28-1) ...
Selecting previously unselected package systemd.
Preparing to unpack .../9-systemd_247.3-7_amd64.deb ...
Unpacking systemd (247.3-7) ...
Setting up libapparmor1:amd64 (2.13.6-10) ...
Setting up libcap2:amd64 (1:2.44-1) ...
Setting up libargon2-1:amd64 (0~20171227-0.2) ...
Setting up libjson-c5:amd64 (0.15-2) ...
Setting up libip4tc2:amd64 (1.8.7-1) ...
Setting up libkmod2:amd64 (28-1) ...
Setting up libdevmapper1.02.1:amd64 (2:1.02.175-2.1) ...
Setting up libcryptsetup12:amd64 (2:2.3.7-1+deb11u1) ...
Setting up systemd (247.3-7) ...
Created symlink /etc/systemd/system/getty.target.wants/getty@tty1.service → /lib/systemd/system/getty@.service.
Created symlink /etc/systemd/system/multi-user.target.wants/remote-fs.target → /lib/systemd/system/remote-fs.target.
Created symlink /etc/systemd/system/sysinit.target.wants/systemd-pstore.service → /lib/systemd/system/systemd-pstore.service.
Initializing machine ID from random generator.
Setting up dmsetup (2:1.02.175-2.1) ...
Selecting previously unselected package systemd-sysv.
(Reading database ... 11875 files and directories currently installed.)
Preparing to unpack .../systemd-sysv_247.3-7_amd64.deb ...
Unpacking systemd-sysv (247.3-7) ...
Selecting previously unselected package libdbus-1-3:amd64.
Preparing to unpack .../libdbus-1-3_1.12.20-2_amd64.deb ...
Unpacking libdbus-1-3:amd64 (1.12.20-2) ...
Selecting previously unselected package dbus.
Preparing to unpack .../dbus_1.12.20-2_amd64.deb ...
Unpacking dbus (1.12.20-2) ...
Selecting previously unselected package libpython3.9-minimal:amd64.
Preparing to unpack .../libpython3.9-minimal_3.9.2-1_amd64.deb ...
Unpacking libpython3.9-minimal:amd64 (3.9.2-1) ...
Selecting previously unselected package python3.9-minimal.
Preparing to unpack .../python3.9-minimal_3.9.2-1_amd64.deb ...
Unpacking python3.9-minimal (3.9.2-1) ...
Setting up libpython3.9-minimal:amd64 (3.9.2-1) ...
Setting up python3.9-minimal (3.9.2-1) ...
Selecting previously unselected package python3-minimal.
(Reading database ... 12228 files and directories currently installed.)
Preparing to unpack .../0-python3-minimal_3.9.2-3_amd64.deb ...
Unpacking python3-minimal (3.9.2-3) ...
Selecting previously unselected package media-types.
Preparing to unpack .../1-media-types_4.0.0_all.deb ...
Unpacking media-types (4.0.0) ...
Selecting previously unselected package libmpdec3:amd64.
Preparing to unpack .../2-libmpdec3_2.5.1-1_amd64.deb ...
Unpacking libmpdec3:amd64 (2.5.1-1) ...
Selecting previously unselected package libpython3.9-stdlib:amd64.
Preparing to unpack .../3-libpython3.9-stdlib_3.9.2-1_amd64.deb ...
Unpacking libpython3.9-stdlib:amd64 (3.9.2-1) ...
Selecting previously unselected package python3.9.
Preparing to unpack .../4-python3.9_3.9.2-1_amd64.deb ...
Unpacking python3.9 (3.9.2-1) ...
Selecting previously unselected package libpython3-stdlib:amd64.
Preparing to unpack .../5-libpython3-stdlib_3.9.2-3_amd64.deb ...
Unpacking libpython3-stdlib:amd64 (3.9.2-3) ...
Setting up python3-minimal (3.9.2-3) ...
Selecting previously unselected package python3.
(Reading database ... 12625 files and directories currently installed.)
Preparing to unpack .../00-python3_3.9.2-3_amd64.deb ...
Unpacking python3 (3.9.2-3) ...
Selecting previously unselected package libnss-systemd:amd64.
Preparing to unpack .../01-libnss-systemd_247.3-7_amd64.deb ...
Unpacking libnss-systemd:amd64 (247.3-7) ...
Selecting previously unselected package libpam-systemd:amd64.
Preparing to unpack .../02-libpam-systemd_247.3-7_amd64.deb ...
Unpacking libpam-systemd:amd64 (247.3-7) ...
Selecting previously unselected package systemd-timesyncd.
Preparing to unpack .../03-systemd-timesyncd_247.3-7_amd64.deb ...
Unpacking systemd-timesyncd (247.3-7) ...
Selecting previously unselected package xz-utils.
Preparing to unpack .../04-xz-utils_5.2.5-2.1~deb11u1_amd64.deb ...
Unpacking xz-utils (5.2.5-2.1~deb11u1) ...
Selecting previously unselected package apt-transport-https.
Preparing to unpack .../05-apt-transport-https_2.2.4_all.deb ...
Unpacking apt-transport-https (2.2.4) ...
Selecting previously unselected package distro-info-data.
Preparing to unpack .../06-distro-info-data_0.51+deb11u1_all.deb ...
Unpacking distro-info-data (0.51+deb11u1) ...
Selecting previously unselected package libglib2.0-0:amd64.
Preparing to unpack .../07-libglib2.0-0_2.66.8-1_amd64.deb ...
Unpacking libglib2.0-0:amd64 (2.66.8-1) ...
Selecting previously unselected package libgirepository-1.0-1:amd64.
Preparing to unpack .../08-libgirepository-1.0-1_1.66.1-1+b1_amd64.deb ...
Unpacking libgirepository-1.0-1:amd64 (1.66.1-1+b1) ...
Selecting previously unselected package gir1.2-glib-2.0:amd64.
Preparing to unpack .../09-gir1.2-glib-2.0_1.66.1-1+b1_amd64.deb ...
Unpacking gir1.2-glib-2.0:amd64 (1.66.1-1+b1) ...
Selecting previously unselected package libpackagekit-glib2-18:amd64.
Preparing to unpack .../10-libpackagekit-glib2-18_1.2.2-2_amd64.deb ...
Unpacking libpackagekit-glib2-18:amd64 (1.2.2-2) ...
Selecting previously unselected package gir1.2-packagekitglib-1.0.
Preparing to unpack .../11-gir1.2-packagekitglib-1.0_1.2.2-2_amd64.deb ...
Unpacking gir1.2-packagekitglib-1.0 (1.2.2-2) ...
Selecting previously unselected package gnupg2.
Preparing to unpack .../12-gnupg2_2.2.27-2+deb11u1_all.deb ...
Unpacking gnupg2 (2.2.27-2+deb11u1) ...
Selecting previously unselected package iso-codes.
Preparing to unpack .../13-iso-codes_4.6.0-1_all.deb ...
Unpacking iso-codes (4.6.0-1) ...
Selecting previously unselected package liblmdb0:amd64.
Preparing to unpack .../14-liblmdb0_0.9.24-1_amd64.deb ...
Unpacking liblmdb0:amd64 (0.9.24-1) ...
Selecting previously unselected package libstemmer0d:amd64.
Preparing to unpack .../15-libstemmer0d_2.1.0-1_amd64.deb ...
Unpacking libstemmer0d:amd64 (2.1.0-1) ...
Selecting previously unselected package libicu67:amd64.
Preparing to unpack .../16-libicu67_67.1-7_amd64.deb ...
Unpacking libicu67:amd64 (67.1-7) ...
Selecting previously unselected package libxml2:amd64.
Preparing to unpack .../17-libxml2_2.9.10+dfsg-6.7+deb11u1_amd64.deb ...
Unpacking libxml2:amd64 (2.9.10+dfsg-6.7+deb11u1) ...
Selecting previously unselected package libyaml-0-2:amd64.
Preparing to unpack .../18-libyaml-0-2_0.2.2-1_amd64.deb ...
Unpacking libyaml-0-2:amd64 (0.2.2-1) ...
Selecting previously unselected package libappstream4:amd64.
Preparing to unpack .../19-libappstream4_0.14.4-1_amd64.deb ...
Unpacking libappstream4:amd64 (0.14.4-1) ...
Selecting previously unselected package libcap2-bin.
Preparing to unpack .../20-libcap2-bin_1%3a2.44-1_amd64.deb ...
Unpacking libcap2-bin (1:2.44-1) ...
Selecting previously unselected package libelf1:amd64.
Preparing to unpack .../21-libelf1_0.183-1_amd64.deb ...
Unpacking libelf1:amd64 (0.183-1) ...
Selecting previously unselected package libdw1:amd64.
Preparing to unpack .../22-libdw1_0.183-1_amd64.deb ...
Unpacking libdw1:amd64 (0.183-1) ...
Selecting previously unselected package libglib2.0-data.
Preparing to unpack .../23-libglib2.0-data_2.66.8-1_all.deb ...
Unpacking libglib2.0-data (2.66.8-1) ...
Selecting previously unselected package libglib2.0-bin.
Preparing to unpack .../24-libglib2.0-bin_2.66.8-1_amd64.deb ...
Unpacking libglib2.0-bin (2.66.8-1) ...
Selecting previously unselected package libunwind8:amd64.
Preparing to unpack .../25-libunwind8_1.3.2-2_amd64.deb ...
Unpacking libunwind8:amd64 (1.3.2-2) ...
Selecting previously unselected package libgstreamer1.0-0:amd64.
Preparing to unpack .../26-libgstreamer1.0-0_1.18.4-2.1_amd64.deb ...
Unpacking libgstreamer1.0-0:amd64 (1.18.4-2.1) ...
Selecting previously unselected package libpam-cap:amd64.
Preparing to unpack .../27-libpam-cap_1%3a2.44-1_amd64.deb ...
Unpacking libpam-cap:amd64 (1:2.44-1) ...
Selecting previously unselected package libpolkit-gobject-1-0:amd64.
Preparing to unpack .../28-libpolkit-gobject-1-0_0.105-31+deb11u1_amd64.deb ...
Unpacking libpolkit-gobject-1-0:amd64 (0.105-31+deb11u1) ...
Selecting previously unselected package libpolkit-agent-1-0:amd64.
Preparing to unpack .../29-libpolkit-agent-1-0_0.105-31+deb11u1_amd64.deb ...
Unpacking libpolkit-agent-1-0:amd64 (0.105-31+deb11u1) ...
Selecting previously unselected package lsb-release.
Preparing to unpack .../30-lsb-release_11.1.0_all.deb ...
Unpacking lsb-release (11.1.0) ...
Selecting previously unselected package policykit-1.
Preparing to unpack .../31-policykit-1_0.105-31+deb11u1_amd64.deb ...
Unpacking policykit-1 (0.105-31+deb11u1) ...
Selecting previously unselected package packagekit.
Preparing to unpack .../32-packagekit_1.2.2-2_amd64.deb ...
Unpacking packagekit (1.2.2-2) ...
Selecting previously unselected package packagekit-tools.
Preparing to unpack .../33-packagekit-tools_1.2.2-2_amd64.deb ...
Unpacking packagekit-tools (1.2.2-2) ...
Selecting previously unselected package python-apt-common.
Preparing to unpack .../34-python-apt-common_2.2.1_all.deb ...
Unpacking python-apt-common (2.2.1) ...
Selecting previously unselected package python3-apt.
Preparing to unpack .../35-python3-apt_2.2.1_amd64.deb ...
Unpacking python3-apt (2.2.1) ...
Selecting previously unselected package python3-dbus.
Preparing to unpack .../36-python3-dbus_1.2.16-5_amd64.deb ...
Unpacking python3-dbus (1.2.16-5) ...
Selecting previously unselected package python3-distro-info.
Preparing to unpack .../37-python3-distro-info_1.0_all.deb ...
Unpacking python3-distro-info (1.0) ...
Selecting previously unselected package python3-gi.
Preparing to unpack .../38-python3-gi_3.38.0-2_amd64.deb ...
Unpacking python3-gi (3.38.0-2) ...
Selecting previously unselected package python3-pycurl.
Preparing to unpack .../39-python3-pycurl_7.43.0.6-5_amd64.deb ...
Unpacking python3-pycurl (7.43.0.6-5) ...
Selecting previously unselected package python3-software-properties.
Preparing to unpack .../40-python3-software-properties_0.96.20.2-2.1_all.deb ...
Unpacking python3-software-properties (0.96.20.2-2.1) ...
Selecting previously unselected package shared-mime-info.
Preparing to unpack .../41-shared-mime-info_2.0-1_amd64.deb ...
Unpacking shared-mime-info (2.0-1) ...
Selecting previously unselected package software-properties-common.
Preparing to unpack .../42-software-properties-common_0.96.20.2-2.1_all.deb ...
Unpacking software-properties-common (0.96.20.2-2.1) ...
Selecting previously unselected package unattended-upgrades.
Preparing to unpack .../43-unattended-upgrades_2.8_all.deb ...
Unpacking unattended-upgrades (2.8) ...
Selecting previously unselected package xdg-user-dirs.
Preparing to unpack .../44-xdg-user-dirs_0.17-2_amd64.deb ...
Unpacking xdg-user-dirs (0.17-2) ...
Setting up media-types (4.0.0) ...
Setting up liblmdb0:amd64 (0.9.24-1) ...
Setting up systemd-sysv (247.3-7) ...
Setting up gnupg2 (2.2.27-2+deb11u1) ...
Setting up apt-transport-https (2.2.4) ...
Setting up libicu67:amd64 (67.1-7) ...
Setting up xdg-user-dirs (0.17-2) ...
Setting up libyaml-0-2:amd64 (0.2.2-1) ...
Setting up libglib2.0-0:amd64 (2.66.8-1) ...
No schema files found: doing nothing.
Setting up distro-info-data (0.51+deb11u1) ...
Setting up libpackagekit-glib2-18:amd64 (1.2.2-2) ...
Setting up libnss-systemd:amd64 (247.3-7) ...
First installation detected...
Checking NSS setup...
Setting up libunwind8:amd64 (1.3.2-2) ...
Setting up libcap2-bin (1:2.44-1) ...
Setting up libglib2.0-data (2.66.8-1) ...
Setting up libdbus-1-3:amd64 (1.12.20-2) ...
Setting up dbus (1.12.20-2) ...
invoke-rc.d: could not determine current runlevel
invoke-rc.d: policy-rc.d denied execution of start.
Setting up xz-utils (5.2.5-2.1~deb11u1) ...
update-alternatives: using /usr/bin/xz to provide /usr/bin/lzma (lzma) in auto mode
Setting up systemd-timesyncd (247.3-7) ...
Created symlink /etc/systemd/system/dbus-org.freedesktop.timesync1.service → /lib/systemd/system/systemd-timesyncd.service.
Created symlink /etc/systemd/system/sysinit.target.wants/systemd-timesyncd.service → /lib/systemd/system/systemd-timesyncd.service.
Setting up python-apt-common (2.2.1) ...
Setting up libmpdec3:amd64 (2.5.1-1) ...
Setting up libpam-systemd:amd64 (247.3-7) ...
debconf: unable to initialize frontend: Dialog
debconf: (TERM is not set, so the dialog frontend is not usable.)
debconf: falling back to frontend: Readline
Setting up libgirepository-1.0-1:amd64 (1.66.1-1+b1) ...
Setting up libstemmer0d:amd64 (2.1.0-1) ...
Setting up libelf1:amd64 (0.183-1) ...
Setting up libpam-cap:amd64 (1:2.44-1) ...
debconf: unable to initialize frontend: Dialog
debconf: (TERM is not set, so the dialog frontend is not usable.)
debconf: falling back to frontend: Readline
Setting up libxml2:amd64 (2.9.10+dfsg-6.7+deb11u1) ...
Setting up iso-codes (4.6.0-1) ...
Setting up libpolkit-gobject-1-0:amd64 (0.105-31+deb11u1) ...
Setting up libpython3.9-stdlib:amd64 (3.9.2-1) ...
Setting up libpython3-stdlib:amd64 (3.9.2-3) ...
Setting up libdw1:amd64 (0.183-1) ...
Setting up libglib2.0-bin (2.66.8-1) ...
Setting up libappstream4:amd64 (0.14.4-1) ...
Setting up shared-mime-info (2.0-1) ...
Setting up gir1.2-glib-2.0:amd64 (1.66.1-1+b1) ...
Setting up libpolkit-agent-1-0:amd64 (0.105-31+deb11u1) ...
Setting up policykit-1 (0.105-31+deb11u1) ...
Setting up libgstreamer1.0-0:amd64 (1.18.4-2.1) ...
Setcap worked! gst-ptp-helper is not suid!
Setting up python3.9 (3.9.2-1) ...
Setting up python3 (3.9.2-3) ...
running python rtupdate hooks for python3.9...
running python post-rtupdate hooks for python3.9...
Setting up gir1.2-packagekitglib-1.0 (1.2.2-2) ...
Setting up python3-pycurl (7.43.0.6-5) ...
Setting up python3-gi (3.38.0-2) ...
Setting up packagekit (1.2.2-2) ...
invoke-rc.d: could not determine current runlevel
invoke-rc.d: policy-rc.d denied execution of force-reload.
Failed to open connection to "system" message bus: Failed to connect to socket /run/dbus/system_bus_socket: No such file or directory
Created symlink /etc/systemd/user/sockets.target.wants/pk-debconf-helper.socket → /usr/lib/systemd/user/pk-debconf-helper.socket.
Setting up lsb-release (11.1.0) ...
Setting up python3-distro-info (1.0) ...
Setting up packagekit-tools (1.2.2-2) ...
Setting up python3-dbus (1.2.16-5) ...
Setting up python3-apt (2.2.1) ...
Setting up unattended-upgrades (2.8) ...
debconf: unable to initialize frontend: Dialog
debconf: (TERM is not set, so the dialog frontend is not usable.)
debconf: falling back to frontend: Readline

Creating config file /etc/apt/apt.conf.d/20auto-upgrades with new version

Creating config file /etc/apt/apt.conf.d/50unattended-upgrades with new version
Created symlink /etc/systemd/system/multi-user.target.wants/unattended-upgrades.service → /lib/systemd/system/unattended-upgrades.service.
Setting up python3-software-properties (0.96.20.2-2.1) ...
Setting up software-properties-common (0.96.20.2-2.1) ...
Processing triggers for libc-bin (2.31-13+deb11u3) ...
Processing triggers for dbus (1.12.20-2) ...
Warning: apt-key is deprecated. Manage keyring files in trusted.gpg.d instead (see apt-key(8)).
OK
Hit:1 http://security.debian.org/debian-security bullseye-security InRelease
Hit:2 http://deb.debian.org/debian bullseye InRelease
Get:3 https://download.docker.com/linux/debian bullseye InRelease [43.3 kB]
Hit:4 http://deb.debian.org/debian bullseye-updates InRelease
Get:5 https://download.docker.com/linux/debian bullseye/stable amd64 Packages [10.2 kB]
Fetched 53.6 kB in 1s (89.3 kB/s)
Reading package lists...
Reading package lists...
Building dependency tree...
Reading state information...
The following additional packages will be installed:
  apparmor containerd.io dbus-user-session docker-ce-cli
  docker-ce-rootless-extras docker-scan-plugin iptables libip6tc2 libjansson4
  libltdl7 libmnl0 libncurses6 libnetfilter-conntrack3 libnfnetlink0
  libnftables1 libnftnl11 libprocps8 libslirp0 libxtables12 nftables pigz
  procps psmisc slirp4netns
Suggested packages:
  apparmor-profiles-extra apparmor-utils aufs-tools cgroupfs-mount
  | cgroup-lite firewalld kmod
The following NEW packages will be installed:
  apparmor containerd.io dbus-user-session docker-ce docker-ce-cli
  docker-ce-rootless-extras docker-scan-plugin iptables libip6tc2 libjansson4
  libltdl7 libmnl0 libncurses6 libnetfilter-conntrack3 libnfnetlink0
  libnftables1 libnftnl11 libprocps8 libslirp0 libxtables12 nftables pigz
  procps psmisc slirp4netns
0 upgraded, 25 newly installed, 0 to remove and 2 not upgraded.
Need to get 104 MB of archives.
After this operation, 432 MB of additional disk space will be used.
Get:1 http://deb.debian.org/debian bullseye/main amd64 libjansson4 amd64 2.13.1-1.1 [39.7 kB]
Get:2 https://download.docker.com/linux/debian bullseye/stable amd64 containerd.io amd64 1.6.4-1 [28.1 MB]
Get:3 http://deb.debian.org/debian bullseye/main amd64 libmnl0 amd64 1.0.4-3 [12.5 kB]
Get:4 http://deb.debian.org/debian bullseye/main amd64 libnftnl11 amd64 1.1.9-1 [63.7 kB]
Get:5 http://deb.debian.org/debian bullseye/main amd64 libxtables12 amd64 1.8.7-1 [45.1 kB]
Get:6 http://deb.debian.org/debian bullseye/main amd64 libnftables1 amd64 0.9.8-3.1 [261 kB]
Get:7 http://deb.debian.org/debian bullseye/main amd64 nftables amd64 0.9.8-3.1 [68.5 kB]
Get:8 http://deb.debian.org/debian bullseye/main amd64 pigz amd64 2.6-1 [64.0 kB]
Get:9 http://deb.debian.org/debian bullseye/main amd64 libncurses6 amd64 6.2+20201114-2 [102 kB]
Get:10 http://deb.debian.org/debian bullseye/main amd64 libprocps8 amd64 2:3.3.17-5 [63.9 kB]
Get:11 http://deb.debian.org/debian bullseye/main amd64 procps amd64 2:3.3.17-5 [502 kB]
Get:12 http://deb.debian.org/debian bullseye/main amd64 apparmor amd64 2.13.6-10 [640 kB]
Get:13 http://deb.debian.org/debian bullseye/main amd64 dbus-user-session amd64 1.12.20-2 [96.2 kB]
Get:14 http://deb.debian.org/debian bullseye/main amd64 libip6tc2 amd64 1.8.7-1 [35.0 kB]
Get:15 http://deb.debian.org/debian bullseye/main amd64 libnfnetlink0 amd64 1.0.1-3+b1 [13.9 kB]
Get:16 http://deb.debian.org/debian bullseye/main amd64 libnetfilter-conntrack3 amd64 1.0.8-3 [40.6 kB]
Get:17 http://deb.debian.org/debian bullseye/main amd64 iptables amd64 1.8.7-1 [382 kB]
Get:18 http://deb.debian.org/debian bullseye/main amd64 libltdl7 amd64 2.4.6-15 [391 kB]
Get:19 http://deb.debian.org/debian bullseye/main amd64 libslirp0 amd64 4.4.0-1+deb11u2 [57.9 kB]
Get:20 http://deb.debian.org/debian bullseye/main amd64 psmisc amd64 23.4-2 [198 kB]
Get:21 http://deb.debian.org/debian bullseye/main amd64 slirp4netns amd64 1.0.1-2 [33.4 kB]
Get:22 https://download.docker.com/linux/debian bullseye/stable amd64 docker-ce-cli amd64 5:20.10.15~3-0~debian-bullseye [40.6 MB]
Get:23 https://download.docker.com/linux/debian bullseye/stable amd64 docker-ce amd64 5:20.10.15~3-0~debian-bullseye [20.8 MB]
Get:24 https://download.docker.com/linux/debian bullseye/stable amd64 docker-ce-rootless-extras amd64 5:20.10.15~3-0~debian-bullseye [8156 kB]
Get:25 https://download.docker.com/linux/debian bullseye/stable amd64 docker-scan-plugin amd64 0.17.0~debian-bullseye [3520 kB]
debconf: delaying package configuration, since apt-utils is not installed
Fetched 104 MB in 5s (20.3 MB/s)
Selecting previously unselected package libjansson4:amd64.
(Reading database ... 15089 files and directories currently installed.)
Preparing to unpack .../00-libjansson4_2.13.1-1.1_amd64.deb ...
Unpacking libjansson4:amd64 (2.13.1-1.1) ...
Selecting previously unselected package libmnl0:amd64.
Preparing to unpack .../01-libmnl0_1.0.4-3_amd64.deb ...
Unpacking libmnl0:amd64 (1.0.4-3) ...
Selecting previously unselected package libnftnl11:amd64.
Preparing to unpack .../02-libnftnl11_1.1.9-1_amd64.deb ...
Unpacking libnftnl11:amd64 (1.1.9-1) ...
Selecting previously unselected package libxtables12:amd64.
Preparing to unpack .../03-libxtables12_1.8.7-1_amd64.deb ...
Unpacking libxtables12:amd64 (1.8.7-1) ...
Selecting previously unselected package libnftables1:amd64.
Preparing to unpack .../04-libnftables1_0.9.8-3.1_amd64.deb ...
Unpacking libnftables1:amd64 (0.9.8-3.1) ...
Selecting previously unselected package nftables.
Preparing to unpack .../05-nftables_0.9.8-3.1_amd64.deb ...
Unpacking nftables (0.9.8-3.1) ...
Selecting previously unselected package pigz.
Preparing to unpack .../06-pigz_2.6-1_amd64.deb ...
Unpacking pigz (2.6-1) ...
Selecting previously unselected package libncurses6:amd64.
Preparing to unpack .../07-libncurses6_6.2+20201114-2_amd64.deb ...
Unpacking libncurses6:amd64 (6.2+20201114-2) ...
Selecting previously unselected package libprocps8:amd64.
Preparing to unpack .../08-libprocps8_2%3a3.3.17-5_amd64.deb ...
Unpacking libprocps8:amd64 (2:3.3.17-5) ...
Selecting previously unselected package procps.
Preparing to unpack .../09-procps_2%3a3.3.17-5_amd64.deb ...
Unpacking procps (2:3.3.17-5) ...
Selecting previously unselected package apparmor.
Preparing to unpack .../10-apparmor_2.13.6-10_amd64.deb ...
Unpacking apparmor (2.13.6-10) ...
Selecting previously unselected package containerd.io.
Preparing to unpack .../11-containerd.io_1.6.4-1_amd64.deb ...
Unpacking containerd.io (1.6.4-1) ...
Selecting previously unselected package dbus-user-session.
Preparing to unpack .../12-dbus-user-session_1.12.20-2_amd64.deb ...
Unpacking dbus-user-session (1.12.20-2) ...
Selecting previously unselected package docker-ce-cli.
Preparing to unpack .../13-docker-ce-cli_5%3a20.10.15~3-0~debian-bullseye_amd64.deb ...
Unpacking docker-ce-cli (5:20.10.15~3-0~debian-bullseye) ...
Selecting previously unselected package libip6tc2:amd64.
Preparing to unpack .../14-libip6tc2_1.8.7-1_amd64.deb ...
Unpacking libip6tc2:amd64 (1.8.7-1) ...
Selecting previously unselected package libnfnetlink0:amd64.
Preparing to unpack .../15-libnfnetlink0_1.0.1-3+b1_amd64.deb ...
Unpacking libnfnetlink0:amd64 (1.0.1-3+b1) ...
Selecting previously unselected package libnetfilter-conntrack3:amd64.
Preparing to unpack .../16-libnetfilter-conntrack3_1.0.8-3_amd64.deb ...
Unpacking libnetfilter-conntrack3:amd64 (1.0.8-3) ...
Selecting previously unselected package iptables.
Preparing to unpack .../17-iptables_1.8.7-1_amd64.deb ...
Unpacking iptables (1.8.7-1) ...
Selecting previously unselected package docker-ce.
Preparing to unpack .../18-docker-ce_5%3a20.10.15~3-0~debian-bullseye_amd64.deb ...
Unpacking docker-ce (5:20.10.15~3-0~debian-bullseye) ...
Selecting previously unselected package docker-ce-rootless-extras.
Preparing to unpack .../19-docker-ce-rootless-extras_5%3a20.10.15~3-0~debian-bullseye_amd64.deb ...
Unpacking docker-ce-rootless-extras (5:20.10.15~3-0~debian-bullseye) ...
Selecting previously unselected package docker-scan-plugin.
Preparing to unpack .../20-docker-scan-plugin_0.17.0~debian-bullseye_amd64.deb ...
Unpacking docker-scan-plugin (0.17.0~debian-bullseye) ...
Selecting previously unselected package libltdl7:amd64.
Preparing to unpack .../21-libltdl7_2.4.6-15_amd64.deb ...
Unpacking libltdl7:amd64 (2.4.6-15) ...
Selecting previously unselected package libslirp0:amd64.
Preparing to unpack .../22-libslirp0_4.4.0-1+deb11u2_amd64.deb ...
Unpacking libslirp0:amd64 (4.4.0-1+deb11u2) ...
Selecting previously unselected package psmisc.
Preparing to unpack .../23-psmisc_23.4-2_amd64.deb ...
Unpacking psmisc (23.4-2) ...
Selecting previously unselected package slirp4netns.
Preparing to unpack .../24-slirp4netns_1.0.1-2_amd64.deb ...
Unpacking slirp4netns (1.0.1-2) ...
Setting up psmisc (23.4-2) ...
Setting up libip6tc2:amd64 (1.8.7-1) ...
Setting up docker-scan-plugin (0.17.0~debian-bullseye) ...
Setting up libjansson4:amd64 (2.13.1-1.1) ...
Setting up apparmor (2.13.6-10) ...
debconf: unable to initialize frontend: Dialog
debconf: (TERM is not set, so the dialog frontend is not usable.)
debconf: falling back to frontend: Readline
Created symlink /etc/systemd/system/sysinit.target.wants/apparmor.service → /lib/systemd/system/apparmor.service.
Setting up dbus-user-session (1.12.20-2) ...
Setting up libncurses6:amd64 (6.2+20201114-2) ...
Setting up libmnl0:amd64 (1.0.4-3) ...
Setting up containerd.io (1.6.4-1) ...
Created symlink /etc/systemd/system/multi-user.target.wants/containerd.service → /lib/systemd/system/containerd.service.
Setting up libxtables12:amd64 (1.8.7-1) ...
Setting up libltdl7:amd64 (2.4.6-15) ...
Setting up docker-ce-cli (5:20.10.15~3-0~debian-bullseye) ...
Setting up libslirp0:amd64 (4.4.0-1+deb11u2) ...
Setting up pigz (2.6-1) ...
Setting up libnfnetlink0:amd64 (1.0.1-3+b1) ...
Setting up docker-ce-rootless-extras (5:20.10.15~3-0~debian-bullseye) ...
Setting up libprocps8:amd64 (2:3.3.17-5) ...
Setting up slirp4netns (1.0.1-2) ...
Setting up libnftnl11:amd64 (1.1.9-1) ...
Setting up libnetfilter-conntrack3:amd64 (1.0.8-3) ...
Setting up procps (2:3.3.17-5) ...
Setting up libnftables1:amd64 (0.9.8-3.1) ...
Setting up nftables (0.9.8-3.1) ...
Setting up iptables (1.8.7-1) ...
update-alternatives: using /usr/sbin/iptables-legacy to provide /usr/sbin/iptables (iptables) in auto mode
update-alternatives: using /usr/sbin/ip6tables-legacy to provide /usr/sbin/ip6tables (ip6tables) in auto mode
update-alternatives: using /usr/sbin/iptables-nft to provide /usr/sbin/iptables (iptables) in auto mode
update-alternatives: using /usr/sbin/ip6tables-nft to provide /usr/sbin/ip6tables (ip6tables) in auto mode
update-alternatives: using /usr/sbin/arptables-nft to provide /usr/sbin/arptables (arptables) in auto mode
update-alternatives: using /usr/sbin/ebtables-nft to provide /usr/sbin/ebtables (ebtables) in auto mode
Setting up docker-ce (5:20.10.15~3-0~debian-bullseye) ...
Created symlink /etc/systemd/system/multi-user.target.wants/docker.service → /lib/systemd/system/docker.service.
Created symlink /etc/systemd/system/sockets.target.wants/docker.socket → /lib/systemd/system/docker.socket.
invoke-rc.d: could not determine current runlevel
invoke-rc.d: policy-rc.d denied execution of start.
Processing triggers for libc-bin (2.31-13+deb11u3) ...
Removing intermediate container f4f62647ff6a
 ---> c0a5866bed4e
Step 4/10 : RUN apt-get update       && apt-get install -y sudo       && rm -rf /var/lib/apt/lists/*
 ---> Running in 6c64d31fc761
Hit:1 https://download.docker.com/linux/debian bullseye InRelease
Hit:2 http://deb.debian.org/debian bullseye InRelease
Hit:3 http://security.debian.org/debian-security bullseye-security InRelease
Hit:4 http://deb.debian.org/debian bullseye-updates InRelease
Reading package lists...
Reading package lists...
Building dependency tree...
Reading state information...
The following NEW packages will be installed:
  sudo
0 upgraded, 1 newly installed, 0 to remove and 2 not upgraded.
Need to get 1059 kB of archives.
After this operation, 4699 kB of additional disk space will be used.
Get:1 http://deb.debian.org/debian bullseye/main amd64 sudo amd64 1.9.5p2-3 [1059 kB]
debconf: delaying package configuration, since apt-utils is not installed
Fetched 1059 kB in 0s (2737 kB/s)
Selecting previously unselected package sudo.
(Reading database ... 16133 files and directories currently installed.)
Preparing to unpack .../sudo_1.9.5p2-3_amd64.deb ...
Unpacking sudo (1.9.5p2-3) ...
Setting up sudo (1.9.5p2-3) ...
invoke-rc.d: could not determine current runlevel
invoke-rc.d: policy-rc.d denied execution of start.
Removing intermediate container 6c64d31fc761
 ---> 36e6ec28590d
Step 5/10 : RUN echo "jenkins ALL=NOPASSWD: ALL" >> /etc/sudoers
 ---> Running in 6bd0f4c97588
Removing intermediate container 6bd0f4c97588
 ---> a193b12ad932
Step 6/10 : RUN mkdir -p /opt/build/jobs
 ---> Running in 6c250c058b02
Removing intermediate container 6c250c058b02
 ---> f812372ab124
Step 7/10 : COPY scripts /opt/build/scripts
 ---> 44ea58290696
Step 8/10 : RUN chown -R jenkins:jenkins /opt/build
 ---> Running in bab0cec16063
Removing intermediate container bab0cec16063
 ---> c599518c1e8c
Step 9/10 : USER jenkins
 ---> Running in d66bfd542410
Removing intermediate container d66bfd542410
 ---> ed8f864356c3
Step 10/10 : RUN chmod u+x /opt/build/scripts/*.sh
 ---> Running in 3392c2e155a1
Removing intermediate container 3392c2e155a1
 ---> abb0fc1bb3c3
Successfully built abb0fc1bb3c3
Successfully tagged chapitre10_jenkins:latest
Sending build context to Docker daemon  31.63kB
Step 1/2 : FROM gitlab/gitlab-ce:14.6.1-ce.0
14.6.1-ce.0: Pulling from gitlab/gitlab-ce
7b1a6ab2e44d: Pull complete
6c37b8f20a77: Pull complete
f50912690f18: Pull complete
bb6bfd78fa06: Pull complete
2c03ae575fcd: Pull complete
839c111a7d43: Pull complete
4989fee924bc: Pull complete
666a7fb30a46: Pull complete
Digest: sha256:5a0b03f09ab2f2634ecc6bfeb41521d19329cf4c9bbf330227117c048e7b5163
Status: Downloaded newer image for gitlab/gitlab-ce:14.6.1-ce.0
 ---> 46cd6954564a
Step 2/2 : COPY gitlab.rb /etc/gitlab/gitlab.rb
 ---> 000991724156
Successfully built 000991724156
Successfully tagged chapitre10_gitlab:latest

Use 'docker scan' to run Snyk tests against images to find vulnerabilities and learn how to fix them
[+] Running 8/8
 ⠿ Network chapitre10_ci-network                Create...                                 0.1s
 ⠿ Volume "chapitre10_ci-gitlab-data-volume"    Created                                   0.0s
 ⠿ Volume "chapitre10_ci-jenkins-home"          Created                                   0.0s
 ⠿ Volume "chapitre10_ci-jenkins-build"         Created                                   0.0s
 ⠿ Volume "chapitre10_ci-gitlab-config-volume"  Created                                   0.0s
 ⠿ Volume "chapitre10_ci-gitlab-log-volume"     Created                                   0.0s
 ⠿ Container gitlab                             Started                                   0.7s
 ⠿ Container jenkins                            Started                                   0.7s
Total reclaimed space: 0B
