[vagrant@localhost multi-conteneurs]$ ./build.sh
********************************
 Copie du code source du projet
********************************
***********************************
 Build de l'image de build basique
***********************************
Sending build context to Docker daemon  122.4kB
Step 1/5 : FROM openjdk:8-alpine
 ---> a3562aa0b991
Step 2/5 : VOLUME /opt/output
 ---> Using cache
 ---> 236e62f37688
Step 3/5 : COPY front-end /front-end
 ---> Using cache
 ---> a11d463b0976
Step 4/5 : RUN cd /front-end && chmod u+x gradlew && ./gradlew -v && ./gradlew --console=verbose clean build
 ---> Using cache
 ---> 877c320d06d9
Step 5/5 : ENTRYPOINT cd /front-end && ./gradlew --console=verbose clean build && cp build/libs/*.jar /opt/output
 ---> Using cache
 ---> 34181d6f8a3f
Successfully built 34181d6f8a3f
Successfully tagged build-basique:latest
********************************
 Lancement du build
********************************
Starting a Gradle Daemon, 1 incompatible and 1 stopped Daemons could not be reused, use --status for details
> Task :clean
> Task :compileJava
> Task :processResources
> Task :classes
> Task :bootJarMainClassName
> Task :bootJar
> Task :jar
> Task :assemble
> Task :compileTestJava NO-SOURCE
> Task :processTestResources NO-SOURCE
> Task :testClasses UP-TO-DATE
> Task :test NO-SOURCE
> Task :check UP-TO-DATE
> Task :build

BUILD SUCCESSFUL in 12s
6 actionable tasks: 6 executed
********************************
 Nettoyage
********************************
Total reclaimed space: 0B
Replacing front-end/application.properties
        Replacing ${database.host}
        Replacing ${database.login}
        Replacing ${database.password}
        Replacing ${user.login}
        Replacing ${user.password}
        Replacing ${api.key}
Replacing back-end/config.json
        Replacing ${api.key}
        Replacing ${front-end.host}
Sending build context to Docker daemon  3.072kB
Step 1/2 : FROM mariadb:10.1
10.1: Pulling from library/mariadb
01bf7da0a88c: Pull complete
f3b4a5f15c7a: Pull complete
57ffbe87baa1: Pull complete
7ac3ea3a19e9: Pull complete
b89d9d23853d: Pull complete
6512bf94537d: Pull complete
d75afd385b71: Pull complete
ab1935952eac: Pull complete
209bb6034896: Pull complete
aa325c613ddb: Pull complete
050a67aa09df: Pull complete
bdb7d28d54b6: Pull complete
0bc74f023b50: Pull complete
Digest: sha256:1205b21b713812a6ba9fb59df206017dc06976fe68e172fbc6d153d7a4e13dfe
Status: Downloaded newer image for mariadb:10.1
 ---> 895244a22f37
Step 2/2 : COPY schema.sql /schema.sql
 ---> 9513925afbae
Successfully built 9513925afbae
Successfully tagged appex-multi/database:latest
Sending build context to Docker daemon   25.5MB
Step 1/5 : FROM openjdk:8-alpine
 ---> a3562aa0b991
Step 2/5 : COPY *SNAPSHOT.jar /app.jar
 ---> dcaef037d8f8
Step 3/5 : COPY application.properties /config/application.properties
 ---> a4e90be2b268
Step 4/5 : EXPOSE 8080
 ---> Running in 8440b2b88a45
Removing intermediate container 8440b2b88a45
 ---> 42c0bbd45ec5
Step 5/5 : ENTRYPOINT java -jar app.jar -Dspring.config.location=/config
 ---> Running in 1a23eb11bb5d
Removing intermediate container 1a23eb11bb5d
 ---> 5f8a20aa9b8b
Successfully built 5f8a20aa9b8b
Successfully tagged appex-multi/front-end:latest
Sending build context to Docker daemon  6.656kB
Step 1/7 : FROM python:3-slim-stretch
3-slim-stretch: Pulling from library/python
8f91359f1fff: Pull complete
502ac059b4cd: Pull complete
cfd307573f01: Pull complete
65beb65381ee: Pull complete
4c21f9ed2a53: Pull complete
Digest: sha256:88c98d55716d52ffcf51a2861757e351d6b1ce52b27e936d668fefd6d659f2e8
Status: Downloaded newer image for python:3-slim-stretch
 ---> 7691d3cb6cbc
Step 2/7 : RUN apt-get update && apt-get install -y cron
 ---> Running in f6a477bc0242
Ign:1 http://deb.debian.org/debian stretch InRelease
Get:2 http://security.debian.org/debian-security stretch/updates InRelease [53.0 kB]
Get:3 http://deb.debian.org/debian stretch-updates InRelease [93.6 kB]
Get:4 http://security.debian.org/debian-security stretch/updates/main amd64 Packages [763 kB]
Get:5 http://deb.debian.org/debian stretch Release [118 kB]
Get:6 http://deb.debian.org/debian stretch Release.gpg [3177 B]
Get:7 http://deb.debian.org/debian stretch/main amd64 Packages [7080 kB]
Fetched 8110 kB in 2s (3394 kB/s)
Reading package lists...
Reading package lists...
Building dependency tree...
Reading state information...
The following additional packages will be installed:
  bzip2 exim4 exim4-base exim4-config exim4-daemon-light file guile-2.0-libs
  krb5-locales libfribidi0 libgc1c2 libgmp10 libgnutls30 libgpm2 libgsasl7
  libgssapi-krb5-2 libhogweed4 libidn11 libk5crypto3 libkeyutils1 libkrb5-3
  libkrb5support0 libkyotocabinet16v5 libldap-2.4-2 libldap-common libltdl7
  liblzo2-2 libmagic-mgc libmagic1 libmailutils5 libmariadbclient18
  libncurses5 libnettle6 libntlm0 libp11-kit0 libpython2.7
  libpython2.7-minimal libpython2.7-stdlib libsasl2-2 libsasl2-modules
  libsasl2-modules-db libtasn1-6 libunistring0 libwrap0 mailutils
  mailutils-common mime-support mysql-common psmisc tcpd xz-utils
Suggested packages:
  bzip2-doc anacron logrotate checksecurity eximon4 exim4-doc-html
  | exim4-doc-info spf-tools-perl swaks gnutls-bin gpm krb5-doc krb5-user
  libsasl2-modules-gssapi-mit | libsasl2-modules-gssapi-heimdal
  libsasl2-modules-ldap libsasl2-modules-otp libsasl2-modules-sql mailutils-mh
  mailutils-doc
The following NEW packages will be installed:
  bzip2 cron exim4 exim4-base exim4-config exim4-daemon-light file
  guile-2.0-libs krb5-locales libfribidi0 libgc1c2 libgmp10 libgnutls30
  libgpm2 libgsasl7 libgssapi-krb5-2 libhogweed4 libidn11 libk5crypto3
  libkeyutils1 libkrb5-3 libkrb5support0 libkyotocabinet16v5 libldap-2.4-2
  libldap-common libltdl7 liblzo2-2 libmagic-mgc libmagic1 libmailutils5
  libmariadbclient18 libncurses5 libnettle6 libntlm0 libp11-kit0 libpython2.7
  libpython2.7-minimal libpython2.7-stdlib libsasl2-2 libsasl2-modules
  libsasl2-modules-db libtasn1-6 libunistring0 libwrap0 mailutils
  mailutils-common mime-support mysql-common psmisc tcpd xz-utils
0 upgraded, 51 newly installed, 0 to remove and 25 not upgraded.
Need to get 16.2 MB of archives.
After this operation, 59.8 MB of additional disk space will be used.
Get:1 http://security.debian.org/debian-security stretch/updates/main amd64 cron amd64 3.0pl1-128+deb9u2 [96.6 kB]
Get:2 http://deb.debian.org/debian stretch/main amd64 bzip2 amd64 1.0.6-8.1 [47.5 kB]
Get:3 http://security.debian.org/debian-security stretch/updates/main amd64 exim4-config all 4.89-2+deb9u8 [377 kB]
Get:4 http://deb.debian.org/debian stretch/main amd64 libidn11 amd64 1.33-1+deb9u1 [115 kB]
Get:5 http://deb.debian.org/debian stretch/main amd64 libtasn1-6 amd64 4.10-1.1+deb9u1 [50.6 kB]
Get:6 http://deb.debian.org/debian stretch/main amd64 libmagic-mgc amd64 1:5.30-1+deb9u3 [222 kB]
Get:7 http://deb.debian.org/debian stretch/main amd64 libmagic1 amd64 1:5.30-1+deb9u3 [111 kB]
Get:8 http://security.debian.org/debian-security stretch/updates/main amd64 exim4-base amd64 4.89-2+deb9u8 [1094 kB]
Get:9 http://deb.debian.org/debian stretch/main amd64 file amd64 1:5.30-1+deb9u3 [64.2 kB]
Get:10 http://deb.debian.org/debian stretch/main amd64 libgpm2 amd64 1.20.4-6.2+b1 [34.2 kB]
Get:11 http://deb.debian.org/debian stretch/main amd64 libkeyutils1 amd64 1.5.9-9 [12.4 kB]
Get:12 http://deb.debian.org/debian stretch/main amd64 libwrap0 amd64 7.6.q-26 [58.2 kB]
Get:13 http://deb.debian.org/debian stretch/main amd64 mime-support all 3.60 [36.7 kB]
Get:14 http://deb.debian.org/debian stretch/main amd64 libltdl7 amd64 2.4.6-2 [389 kB]
Get:15 http://security.debian.org/debian-security stretch/updates/main amd64 libgmp10 amd64 2:6.1.2+dfsg-1+deb9u1 [253 kB]
Get:16 http://security.debian.org/debian-security stretch/updates/main amd64 libnettle6 amd64 3.3-1+deb9u1 [192 kB]
Get:17 http://security.debian.org/debian-security stretch/updates/main amd64 libhogweed4 amd64 3.3-1+deb9u1 [136 kB]
Get:18 http://security.debian.org/debian-security stretch/updates/main amd64 libp11-kit0 amd64 0.23.3-2+deb9u1 [112 kB]
Get:19 http://security.debian.org/debian-security stretch/updates/main amd64 libgnutls30 amd64 3.5.8-5+deb9u6 [897 kB]
Get:20 http://deb.debian.org/debian stretch/main amd64 libncurses5 amd64 6.0+20161126-1+deb9u2 [93.4 kB]
Get:21 http://deb.debian.org/debian stretch/main amd64 libunistring0 amd64 0.9.6+really0.9.3-0.1 [279 kB]
Get:22 http://security.debian.org/debian-security stretch/updates/main amd64 exim4-daemon-light amd64 4.89-2+deb9u8 [546 kB]
Get:23 http://security.debian.org/debian-security stretch/updates/main amd64 exim4 all 4.89-2+deb9u8 [7868 B]
Get:24 http://security.debian.org/debian-security stretch/updates/main amd64 krb5-locales all 1.15-1+deb9u3 [94.1 kB]
Get:25 http://security.debian.org/debian-security stretch/updates/main amd64 libgc1c2 amd64 1:7.4.2-8+deb9u1 [209 kB]
Get:26 http://security.debian.org/debian-security stretch/updates/main amd64 libkrb5support0 amd64 1.15-1+deb9u3 [62.3 kB]
Get:27 http://security.debian.org/debian-security stretch/updates/main amd64 libk5crypto3 amd64 1.15-1+deb9u3 [120 kB]
Get:28 http://security.debian.org/debian-security stretch/updates/main amd64 libkrb5-3 amd64 1.15-1+deb9u3 [312 kB]
Get:29 http://deb.debian.org/debian stretch/main amd64 guile-2.0-libs amd64 2.0.13+1-4 [2232 kB]
Get:30 http://security.debian.org/debian-security stretch/updates/main amd64 libgssapi-krb5-2 amd64 1.15-1+deb9u3 [155 kB]
Get:31 http://security.debian.org/debian-security stretch/updates/main amd64 libsasl2-modules-db amd64 2.1.27~101-g0780600+dfsg-3+deb9u2 [68.5 kB]
Get:32 http://security.debian.org/debian-security stretch/updates/main amd64 libsasl2-2 amd64 2.1.27~101-g0780600+dfsg-3+deb9u2 [105 kB]
Get:33 http://security.debian.org/debian-security stretch/updates/main amd64 libldap-common all 2.4.44+dfsg-5+deb9u8 [86.2 kB]
Get:34 http://security.debian.org/debian-security stretch/updates/main amd64 libldap-2.4-2 amd64 2.4.44+dfsg-5+deb9u8 [220 kB]
Get:35 http://security.debian.org/debian-security stretch/updates/main amd64 xz-utils amd64 5.2.2-1.2+deb9u1 [266 kB]
Get:36 http://security.debian.org/debian-security stretch/updates/main amd64 libfribidi0 amd64 0.19.7-1+deb9u2 [45.7 kB]
Get:37 http://security.debian.org/debian-security stretch/updates/main amd64 libntlm0 amd64 1.4-8+deb9u1 [21.6 kB]
Get:38 http://security.debian.org/debian-security stretch/updates/main amd64 libmariadbclient18 amd64 10.1.48-0+deb9u2 [784 kB]
Get:39 http://security.debian.org/debian-security stretch/updates/main amd64 libpython2.7-minimal amd64 2.7.13-2+deb9u6 [390 kB]
Get:40 http://security.debian.org/debian-security stretch/updates/main amd64 libpython2.7-stdlib amd64 2.7.13-2+deb9u6 [1898 kB]
Get:41 http://security.debian.org/debian-security stretch/updates/main amd64 libpython2.7 amd64 2.7.13-2+deb9u6 [1072 kB]
Get:42 http://security.debian.org/debian-security stretch/updates/main amd64 libsasl2-modules amd64 2.1.27~101-g0780600+dfsg-3+deb9u2 [102 kB]
Get:43 http://deb.debian.org/debian stretch/main amd64 libgsasl7 amd64 1.8.0-8+b2 [207 kB]
Get:44 http://deb.debian.org/debian stretch/main amd64 liblzo2-2 amd64 2.08-1.2+b2 [55.0 kB]
Get:45 http://deb.debian.org/debian stretch/main amd64 libkyotocabinet16v5 amd64 1.2.76-4.2+b1 [298 kB]
Get:46 http://deb.debian.org/debian stretch/main amd64 mailutils-common all 1:3.1.1-1 [642 kB]
Get:47 http://deb.debian.org/debian stretch/main amd64 mysql-common all 5.8+1.0.2 [5608 B]
Get:48 http://deb.debian.org/debian stretch/main amd64 libmailutils5 amd64 1:3.1.1-1 [817 kB]
Get:49 http://deb.debian.org/debian stretch/main amd64 mailutils amd64 1:3.1.1-1 [573 kB]
Get:50 http://deb.debian.org/debian stretch/main amd64 psmisc amd64 22.21-2.1+b2 [123 kB]
Get:51 http://deb.debian.org/debian stretch/main amd64 tcpd amd64 7.6.q-26 [23.3 kB]
debconf: delaying package configuration, since apt-utils is not installed
Fetched 16.2 MB in 1s (10.6 MB/s)
Selecting previously unselected package cron.
(Reading database ... 6710 files and directories currently installed.)
Preparing to unpack .../00-cron_3.0pl1-128+deb9u2_amd64.deb ...
Unpacking cron (3.0pl1-128+deb9u2) ...
Selecting previously unselected package bzip2.
Preparing to unpack .../01-bzip2_1.0.6-8.1_amd64.deb ...
Unpacking bzip2 (1.0.6-8.1) ...
Selecting previously unselected package exim4-config.
Preparing to unpack .../02-exim4-config_4.89-2+deb9u8_all.deb ...
Unpacking exim4-config (4.89-2+deb9u8) ...
Selecting previously unselected package exim4-base.
Preparing to unpack .../03-exim4-base_4.89-2+deb9u8_amd64.deb ...
Unpacking exim4-base (4.89-2+deb9u8) ...
Selecting previously unselected package libgmp10:amd64.
Preparing to unpack .../04-libgmp10_2%3a6.1.2+dfsg-1+deb9u1_amd64.deb ...
Unpacking libgmp10:amd64 (2:6.1.2+dfsg-1+deb9u1) ...
Selecting previously unselected package libnettle6:amd64.
Preparing to unpack .../05-libnettle6_3.3-1+deb9u1_amd64.deb ...
Unpacking libnettle6:amd64 (3.3-1+deb9u1) ...
Selecting previously unselected package libhogweed4:amd64.
Preparing to unpack .../06-libhogweed4_3.3-1+deb9u1_amd64.deb ...
Unpacking libhogweed4:amd64 (3.3-1+deb9u1) ...
Selecting previously unselected package libidn11:amd64.
Preparing to unpack .../07-libidn11_1.33-1+deb9u1_amd64.deb ...
Unpacking libidn11:amd64 (1.33-1+deb9u1) ...
Selecting previously unselected package libp11-kit0:amd64.
Preparing to unpack .../08-libp11-kit0_0.23.3-2+deb9u1_amd64.deb ...
Unpacking libp11-kit0:amd64 (0.23.3-2+deb9u1) ...
Selecting previously unselected package libtasn1-6:amd64.
Preparing to unpack .../09-libtasn1-6_4.10-1.1+deb9u1_amd64.deb ...
Unpacking libtasn1-6:amd64 (4.10-1.1+deb9u1) ...
Selecting previously unselected package libgnutls30:amd64.
Preparing to unpack .../10-libgnutls30_3.5.8-5+deb9u6_amd64.deb ...
Unpacking libgnutls30:amd64 (3.5.8-5+deb9u6) ...
Selecting previously unselected package exim4-daemon-light.
Preparing to unpack .../11-exim4-daemon-light_4.89-2+deb9u8_amd64.deb ...
Unpacking exim4-daemon-light (4.89-2+deb9u8) ...
Selecting previously unselected package exim4.
Preparing to unpack .../12-exim4_4.89-2+deb9u8_all.deb ...
Unpacking exim4 (4.89-2+deb9u8) ...
Selecting previously unselected package libmagic-mgc.
Preparing to unpack .../13-libmagic-mgc_1%3a5.30-1+deb9u3_amd64.deb ...
Unpacking libmagic-mgc (1:5.30-1+deb9u3) ...
Selecting previously unselected package libmagic1:amd64.
Preparing to unpack .../14-libmagic1_1%3a5.30-1+deb9u3_amd64.deb ...
Unpacking libmagic1:amd64 (1:5.30-1+deb9u3) ...
Selecting previously unselected package file.
Preparing to unpack .../15-file_1%3a5.30-1+deb9u3_amd64.deb ...
Unpacking file (1:5.30-1+deb9u3) ...
Selecting previously unselected package krb5-locales.
Preparing to unpack .../16-krb5-locales_1.15-1+deb9u3_all.deb ...
Unpacking krb5-locales (1.15-1+deb9u3) ...
Selecting previously unselected package libgc1c2:amd64.
Preparing to unpack .../17-libgc1c2_1%3a7.4.2-8+deb9u1_amd64.deb ...
Unpacking libgc1c2:amd64 (1:7.4.2-8+deb9u1) ...
Selecting previously unselected package libgpm2:amd64.
Preparing to unpack .../18-libgpm2_1.20.4-6.2+b1_amd64.deb ...
Unpacking libgpm2:amd64 (1.20.4-6.2+b1) ...
Selecting previously unselected package libkeyutils1:amd64.
Preparing to unpack .../19-libkeyutils1_1.5.9-9_amd64.deb ...
Unpacking libkeyutils1:amd64 (1.5.9-9) ...
Selecting previously unselected package libkrb5support0:amd64.
Preparing to unpack .../20-libkrb5support0_1.15-1+deb9u3_amd64.deb ...
Unpacking libkrb5support0:amd64 (1.15-1+deb9u3) ...
Selecting previously unselected package libk5crypto3:amd64.
Preparing to unpack .../21-libk5crypto3_1.15-1+deb9u3_amd64.deb ...
Unpacking libk5crypto3:amd64 (1.15-1+deb9u3) ...
Selecting previously unselected package libkrb5-3:amd64.
Preparing to unpack .../22-libkrb5-3_1.15-1+deb9u3_amd64.deb ...
Unpacking libkrb5-3:amd64 (1.15-1+deb9u3) ...
Selecting previously unselected package libgssapi-krb5-2:amd64.
Preparing to unpack .../23-libgssapi-krb5-2_1.15-1+deb9u3_amd64.deb ...
Unpacking libgssapi-krb5-2:amd64 (1.15-1+deb9u3) ...
Selecting previously unselected package libsasl2-modules-db:amd64.
Preparing to unpack .../24-libsasl2-modules-db_2.1.27~101-g0780600+dfsg-3+deb9u2_amd64.deb ...
Unpacking libsasl2-modules-db:amd64 (2.1.27~101-g0780600+dfsg-3+deb9u2) ...
Selecting previously unselected package libsasl2-2:amd64.
Preparing to unpack .../25-libsasl2-2_2.1.27~101-g0780600+dfsg-3+deb9u2_amd64.deb ...
Unpacking libsasl2-2:amd64 (2.1.27~101-g0780600+dfsg-3+deb9u2) ...
Selecting previously unselected package libldap-common.
Preparing to unpack .../26-libldap-common_2.4.44+dfsg-5+deb9u8_all.deb ...
Unpacking libldap-common (2.4.44+dfsg-5+deb9u8) ...
Selecting previously unselected package libldap-2.4-2:amd64.
Preparing to unpack .../27-libldap-2.4-2_2.4.44+dfsg-5+deb9u8_amd64.deb ...
Unpacking libldap-2.4-2:amd64 (2.4.44+dfsg-5+deb9u8) ...
Selecting previously unselected package libwrap0:amd64.
Preparing to unpack .../28-libwrap0_7.6.q-26_amd64.deb ...
Unpacking libwrap0:amd64 (7.6.q-26) ...
Selecting previously unselected package mime-support.
Preparing to unpack .../29-mime-support_3.60_all.deb ...
Unpacking mime-support (3.60) ...
Selecting previously unselected package xz-utils.
Preparing to unpack .../30-xz-utils_5.2.2-1.2+deb9u1_amd64.deb ...
Unpacking xz-utils (5.2.2-1.2+deb9u1) ...
Selecting previously unselected package libltdl7:amd64.
Preparing to unpack .../31-libltdl7_2.4.6-2_amd64.deb ...
Unpacking libltdl7:amd64 (2.4.6-2) ...
Selecting previously unselected package libncurses5:amd64.
Preparing to unpack .../32-libncurses5_6.0+20161126-1+deb9u2_amd64.deb ...
Unpacking libncurses5:amd64 (6.0+20161126-1+deb9u2) ...
Selecting previously unselected package libunistring0:amd64.
Preparing to unpack .../33-libunistring0_0.9.6+really0.9.3-0.1_amd64.deb ...
Unpacking libunistring0:amd64 (0.9.6+really0.9.3-0.1) ...
Selecting previously unselected package guile-2.0-libs:amd64.
Preparing to unpack .../34-guile-2.0-libs_2.0.13+1-4_amd64.deb ...
Unpacking guile-2.0-libs:amd64 (2.0.13+1-4) ...
Selecting previously unselected package libfribidi0:amd64.
Preparing to unpack .../35-libfribidi0_0.19.7-1+deb9u2_amd64.deb ...
Unpacking libfribidi0:amd64 (0.19.7-1+deb9u2) ...
Selecting previously unselected package libntlm0:amd64.
Preparing to unpack .../36-libntlm0_1.4-8+deb9u1_amd64.deb ...
Unpacking libntlm0:amd64 (1.4-8+deb9u1) ...
Selecting previously unselected package libgsasl7.
Preparing to unpack .../37-libgsasl7_1.8.0-8+b2_amd64.deb ...
Unpacking libgsasl7 (1.8.0-8+b2) ...
Selecting previously unselected package liblzo2-2:amd64.
Preparing to unpack .../38-liblzo2-2_2.08-1.2+b2_amd64.deb ...
Unpacking liblzo2-2:amd64 (2.08-1.2+b2) ...
Selecting previously unselected package libkyotocabinet16v5:amd64.
Preparing to unpack .../39-libkyotocabinet16v5_1.2.76-4.2+b1_amd64.deb ...
Unpacking libkyotocabinet16v5:amd64 (1.2.76-4.2+b1) ...
Selecting previously unselected package mailutils-common.
Preparing to unpack .../40-mailutils-common_1%3a3.1.1-1_all.deb ...
Unpacking mailutils-common (1:3.1.1-1) ...
Selecting previously unselected package mysql-common.
Preparing to unpack .../41-mysql-common_5.8+1.0.2_all.deb ...
Unpacking mysql-common (5.8+1.0.2) ...
Selecting previously unselected package libmariadbclient18:amd64.
Preparing to unpack .../42-libmariadbclient18_10.1.48-0+deb9u2_amd64.deb ...
Unpacking libmariadbclient18:amd64 (10.1.48-0+deb9u2) ...
Selecting previously unselected package libpython2.7-minimal:amd64.
Preparing to unpack .../43-libpython2.7-minimal_2.7.13-2+deb9u6_amd64.deb ...
Unpacking libpython2.7-minimal:amd64 (2.7.13-2+deb9u6) ...
Selecting previously unselected package libpython2.7-stdlib:amd64.
Preparing to unpack .../44-libpython2.7-stdlib_2.7.13-2+deb9u6_amd64.deb ...
Unpacking libpython2.7-stdlib:amd64 (2.7.13-2+deb9u6) ...
Selecting previously unselected package libpython2.7:amd64.
Preparing to unpack .../45-libpython2.7_2.7.13-2+deb9u6_amd64.deb ...
Unpacking libpython2.7:amd64 (2.7.13-2+deb9u6) ...
Selecting previously unselected package libmailutils5:amd64.
Preparing to unpack .../46-libmailutils5_1%3a3.1.1-1_amd64.deb ...
Unpacking libmailutils5:amd64 (1:3.1.1-1) ...
Selecting previously unselected package libsasl2-modules:amd64.
Preparing to unpack .../47-libsasl2-modules_2.1.27~101-g0780600+dfsg-3+deb9u2_amd64.deb ...
Unpacking libsasl2-modules:amd64 (2.1.27~101-g0780600+dfsg-3+deb9u2) ...
Selecting previously unselected package mailutils.
Preparing to unpack .../48-mailutils_1%3a3.1.1-1_amd64.deb ...
Unpacking mailutils (1:3.1.1-1) ...
Selecting previously unselected package psmisc.
Preparing to unpack .../49-psmisc_22.21-2.1+b2_amd64.deb ...
Unpacking psmisc (22.21-2.1+b2) ...
Selecting previously unselected package tcpd.
Preparing to unpack .../50-tcpd_7.6.q-26_amd64.deb ...
Unpacking tcpd (7.6.q-26) ...
Setting up libncurses5:amd64 (6.0+20161126-1+deb9u2) ...
Setting up libnettle6:amd64 (3.3-1+deb9u1) ...
Setting up psmisc (22.21-2.1+b2) ...
Setting up exim4-config (4.89-2+deb9u8) ...
debconf: unable to initialize frontend: Dialog
debconf: (TERM is not set, so the dialog frontend is not usable.)
debconf: falling back to frontend: Readline
debconf: unable to initialize frontend: Readline
debconf: (Can't locate Term/ReadLine.pm in @INC (you may need to install the Term::ReadLine module) (@INC contains: /etc/perl /usr/local/lib/x86_64-linux-gnu/perl/5.24.1 /usr/local/share/perl/5.24.1 /usr/lib/x86_64-linux-gnu/perl5/5.24 /usr/share/perl5 /usr/lib/x86_64-linux-gnu/perl/5.24 /usr/share/perl/5.24 /usr/local/lib/site_perl /usr/lib/x86_64-linux-gnu/perl-base .) at /usr/share/perl5/Debconf/FrontEnd/Readline.pm line 7.)
debconf: falling back to frontend: Teletype
Adding system-user for exim (v4)
Setting up mime-support (3.60) ...
Setting up libgpm2:amd64 (1.20.4-6.2+b1) ...
Setting up libldap-common (2.4.44+dfsg-5+deb9u8) ...
Setting up mysql-common (5.8+1.0.2) ...
update-alternatives: using /etc/mysql/my.cnf.fallback to provide /etc/mysql/my.cnf (my.cnf) in auto mode
Setting up libsasl2-modules-db:amd64 (2.1.27~101-g0780600+dfsg-3+deb9u2) ...
Setting up libsasl2-2:amd64 (2.1.27~101-g0780600+dfsg-3+deb9u2) ...
Setting up libgc1c2:amd64 (1:7.4.2-8+deb9u1) ...
Setting up libmariadbclient18:amd64 (10.1.48-0+deb9u2) ...
Setting up libtasn1-6:amd64 (4.10-1.1+deb9u1) ...
Setting up libmagic-mgc (1:5.30-1+deb9u3) ...
Setting up bzip2 (1.0.6-8.1) ...
Setting up libmagic1:amd64 (1:5.30-1+deb9u3) ...
Setting up libntlm0:amd64 (1.4-8+deb9u1) ...
Setting up libgmp10:amd64 (2:6.1.2+dfsg-1+deb9u1) ...
Setting up krb5-locales (1.15-1+deb9u3) ...
Processing triggers for libc-bin (2.24-11+deb9u4) ...
Setting up libunistring0:amd64 (0.9.6+really0.9.3-0.1) ...
Setting up xz-utils (5.2.2-1.2+deb9u1) ...
update-alternatives: using /usr/bin/xz to provide /usr/bin/lzma (lzma) in auto mode
update-alternatives: warning: skip creation of /usr/share/man/man1/lzma.1.gz because associated file /usr/share/man/man1/xz.1.gz (of link group lzma) doesn't exist
update-alternatives: warning: skip creation of /usr/share/man/man1/unlzma.1.gz because associated file /usr/share/man/man1/unxz.1.gz (of link group lzma) doesn't exist
update-alternatives: warning: skip creation of /usr/share/man/man1/lzcat.1.gz because associated file /usr/share/man/man1/xzcat.1.gz (of link group lzma) doesn't exist
update-alternatives: warning: skip creation of /usr/share/man/man1/lzmore.1.gz because associated file /usr/share/man/man1/xzmore.1.gz (of link group lzma) doesn't exist
update-alternatives: warning: skip creation of /usr/share/man/man1/lzless.1.gz because associated file /usr/share/man/man1/xzless.1.gz (of link group lzma) doesn't exist
update-alternatives: warning: skip creation of /usr/share/man/man1/lzdiff.1.gz because associated file /usr/share/man/man1/xzdiff.1.gz (of link group lzma) doesn't exist
update-alternatives: warning: skip creation of /usr/share/man/man1/lzcmp.1.gz because associated file /usr/share/man/man1/xzcmp.1.gz (of link group lzma) doesn't exist
update-alternatives: warning: skip creation of /usr/share/man/man1/lzgrep.1.gz because associated file /usr/share/man/man1/xzgrep.1.gz (of link group lzma) doesn't exist
update-alternatives: warning: skip creation of /usr/share/man/man1/lzegrep.1.gz because associated file /usr/share/man/man1/xzegrep.1.gz (of link group lzma) doesn't exist
update-alternatives: warning: skip creation of /usr/share/man/man1/lzfgrep.1.gz because associated file /usr/share/man/man1/xzfgrep.1.gz (of link group lzma) doesn't exist
Setting up libp11-kit0:amd64 (0.23.3-2+deb9u1) ...
Setting up libltdl7:amd64 (2.4.6-2) ...
Setting up libfribidi0:amd64 (0.19.7-1+deb9u2) ...
Setting up libkeyutils1:amd64 (1.5.9-9) ...
Setting up libsasl2-modules:amd64 (2.1.27~101-g0780600+dfsg-3+deb9u2) ...
Setting up libpython2.7-minimal:amd64 (2.7.13-2+deb9u6) ...
Setting up cron (3.0pl1-128+deb9u2) ...
Adding group `crontab' (GID 102) ...
Done.
update-rc.d: warning: start and stop actions are no longer supported; falling back to defaults
invoke-rc.d: could not determine current runlevel
invoke-rc.d: policy-rc.d denied execution of start.
Setting up libpython2.7-stdlib:amd64 (2.7.13-2+deb9u6) ...
Setting up libidn11:amd64 (1.33-1+deb9u1) ...
Setting up liblzo2-2:amd64 (2.08-1.2+b2) ...
Setting up libwrap0:amd64 (7.6.q-26) ...
Setting up mailutils-common (1:3.1.1-1) ...
Setting up exim4-base (4.89-2+deb9u8) ...
debconf: unable to initialize frontend: Dialog
debconf: (TERM is not set, so the dialog frontend is not usable.)
debconf: falling back to frontend: Readline
debconf: unable to initialize frontend: Readline
debconf: (Can't locate Term/ReadLine.pm in @INC (you may need to install the Term::ReadLine module) (@INC contains: /etc/perl /usr/local/lib/x86_64-linux-gnu/perl/5.24.1 /usr/local/share/perl/5.24.1 /usr/lib/x86_64-linux-gnu/perl5/5.24 /usr/share/perl5 /usr/lib/x86_64-linux-gnu/perl/5.24 /usr/share/perl/5.24 /usr/local/lib/site_perl /usr/lib/x86_64-linux-gnu/perl-base .) at /usr/share/perl5/Debconf/FrontEnd/Readline.pm line 7.)
debconf: falling back to frontend: Teletype
exim: DB upgrade, deleting hints-db
Setting up file (1:5.30-1+deb9u3) ...
Setting up tcpd (7.6.q-26) ...
Setting up libkrb5support0:amd64 (1.15-1+deb9u3) ...
Setting up libhogweed4:amd64 (3.3-1+deb9u1) ...
Setting up guile-2.0-libs:amd64 (2.0.13+1-4) ...
Setting up libpython2.7:amd64 (2.7.13-2+deb9u6) ...
Setting up libkyotocabinet16v5:amd64 (1.2.76-4.2+b1) ...
Setting up libk5crypto3:amd64 (1.15-1+deb9u3) ...
Setting up libgnutls30:amd64 (3.5.8-5+deb9u6) ...
Setting up libldap-2.4-2:amd64 (2.4.44+dfsg-5+deb9u8) ...
Setting up libkrb5-3:amd64 (1.15-1+deb9u3) ...
Setting up exim4-daemon-light (4.89-2+deb9u8) ...
debconf: unable to initialize frontend: Dialog
debconf: (TERM is not set, so the dialog frontend is not usable.)
debconf: falling back to frontend: Readline
debconf: unable to initialize frontend: Readline
debconf: (Can't locate Term/ReadLine.pm in @INC (you may need to install the Term::ReadLine module) (@INC contains: /etc/perl /usr/local/lib/x86_64-linux-gnu/perl/5.24.1 /usr/local/share/perl/5.24.1 /usr/lib/x86_64-linux-gnu/perl5/5.24 /usr/share/perl5 /usr/lib/x86_64-linux-gnu/perl/5.24 /usr/share/perl/5.24 /usr/local/lib/site_perl /usr/lib/x86_64-linux-gnu/perl-base .) at /usr/share/perl5/Debconf/FrontEnd/Readline.pm line 7.)
debconf: falling back to frontend: Teletype
invoke-rc.d: could not determine current runlevel
invoke-rc.d: policy-rc.d denied execution of start.
Initializing GnuTLS DH parameter file
Setting up libgssapi-krb5-2:amd64 (1.15-1+deb9u3) ...
Setting up exim4 (4.89-2+deb9u8) ...
debconf: unable to initialize frontend: Dialog
debconf: (TERM is not set, so the dialog frontend is not usable.)
debconf: falling back to frontend: Readline
debconf: unable to initialize frontend: Readline
debconf: (Can't locate Term/ReadLine.pm in @INC (you may need to install the Term::ReadLine module) (@INC contains: /etc/perl /usr/local/lib/x86_64-linux-gnu/perl/5.24.1 /usr/local/share/perl/5.24.1 /usr/lib/x86_64-linux-gnu/perl5/5.24 /usr/share/perl5 /usr/lib/x86_64-linux-gnu/perl/5.24 /usr/share/perl/5.24 /usr/local/lib/site_perl /usr/lib/x86_64-linux-gnu/perl-base .) at /usr/share/perl5/Debconf/FrontEnd/Readline.pm line 7.)
debconf: falling back to frontend: Teletype
Setting up libgsasl7 (1.8.0-8+b2) ...
Setting up libmailutils5:amd64 (1:3.1.1-1) ...
Setting up mailutils (1:3.1.1-1) ...
update-alternatives: using /usr/bin/frm.mailutils to provide /usr/bin/frm (frm) in auto mode
update-alternatives: warning: skip creation of /usr/share/man/man1/frm.1.gz because associated file /usr/share/man/man1/frm.mailutils.1.gz (of link group frm) doesn't exist
update-alternatives: using /usr/bin/from.mailutils to provide /usr/bin/from (from) in auto mode
update-alternatives: warning: skip creation of /usr/share/man/man1/from.1.gz because associated file /usr/share/man/man1/from.mailutils.1.gz (of link group from) doesn't exist
update-alternatives: using /usr/bin/messages.mailutils to provide /usr/bin/messages (messages) in auto mode
update-alternatives: warning: skip creation of /usr/share/man/man1/messages.1.gz because associated file /usr/share/man/man1/messages.mailutils.1.gz (of link group messages) doesn't exist
update-alternatives: using /usr/bin/movemail.mailutils to provide /usr/bin/movemail (movemail) in auto mode
update-alternatives: warning: skip creation of /usr/share/man/man1/movemail.1.gz because associated file /usr/share/man/man1/movemail.mailutils.1.gz (of link group movemail) doesn't exist
update-alternatives: using /usr/bin/readmsg.mailutils to provide /usr/bin/readmsg (readmsg) in auto mode
update-alternatives: warning: skip creation of /usr/share/man/man1/readmsg.1.gz because associated file /usr/share/man/man1/readmsg.mailutils.1.gz (of link group readmsg) doesn't exist
update-alternatives: using /usr/bin/dotlock.mailutils to provide /usr/bin/dotlock (dotlock) in auto mode
update-alternatives: warning: skip creation of /usr/share/man/man1/dotlock.1.gz because associated file /usr/share/man/man1/dotlock.mailutils.1.gz (of link group dotlock) doesn't exist
update-alternatives: using /usr/bin/mail.mailutils to provide /usr/bin/mailx (mailx) in auto mode
update-alternatives: warning: skip creation of /usr/share/man/man1/mailx.1.gz because associated file /usr/share/man/man1/mail.mailutils.1.gz (of link group mailx) doesn't exist
update-alternatives: warning: skip creation of /usr/share/man/man1/mail.1.gz because associated file /usr/share/man/man1/mail.mailutils.1.gz (of link group mailx) doesn't exist
Processing triggers for libc-bin (2.24-11+deb9u4) ...
Removing intermediate container f6a477bc0242
 ---> 6f0d0b66fab3
Step 3/7 : ENV PYTHONIOENCODING=utf-8
 ---> Running in 542dbabe96d5
Removing intermediate container 542dbabe96d5
 ---> d78c6d50d698
Step 4/7 : RUN echo "* * * * * root /usr/local/bin/python /main.py" > /etc/cron.d/backend
 ---> Running in 21dd4257e4c1
Removing intermediate container 21dd4257e4c1
 ---> 585a480402ed
Step 5/7 : COPY config.json /config.json
 ---> fc1179525ded
Step 6/7 : COPY main.py /main.py
 ---> 958e250d6c7a
Step 7/7 : ENTRYPOINT /usr/sbin/cron -f
 ---> Running in 074a72fa0cba
Removing intermediate container 074a72fa0cba
 ---> 6d7364168e5b
Successfully built 6d7364168e5b
Successfully tagged appex-multi/back-end:latest
Total reclaimed space: 0B
